<?xml version="1.0" encoding="utf-8"?><testsuites name="pytest tests"><testsuite name="pytest" errors="0" failures="0" skipped="0" tests="3" time="0.200" timestamp="2025-08-22T22:35:21.073268-03:00" hostname="patricia-latitude"><testcase classname="tests.test_load" name="test_load_positive_has_2_people" time="0.001" /><testcase classname="tests.test_load" name="test_load_positive_first_name_starts_with_j" time="0.001" /><testcase classname="integration.test_load" name="test_load" time="0.146" /></testsuite></testsuites>